Determining if the pthread_create exist failed with the following output:
Change Dir: /home/zj/ros_space5/src/cmake-build-debug/CMakeFiles/CMakeTmp

Run Build Command:"/usr/bin/make" "cmTC_effad/fast"
/usr/bin/make -f CMakeFiles/cmTC_effad.dir/build.make CMakeFiles/cmTC_effad.dir/build
make[1]: Entering directory '/home/zj/ros_space5/src/cmake-build-debug/CMakeFiles/CMakeTmp'
Building C object CMakeFiles/cmTC_effad.dir/CheckSymbolExists.c.o
/usr/bin/cc    -o CMakeFiles/cmTC_effad.dir/CheckSymbolExists.c.o   -c /home/zj/ros_space5/src/cmake-build-debug/CMakeFiles/CMakeTmp/CheckSymbolExists.c
Linking C executable cmTC_effad
/home/zj/software/clion/clion-2018.2.5/bin/cmake/linux/bin/cmake -E cmake_link_script CMakeFiles/cmTC_effad.dir/link.txt --verbose=1
/usr/bin/cc      -rdynamic CMakeFiles/cmTC_effad.dir/CheckSymbolExists.c.o  -o cmTC_effad 
CMakeFiles/cmTC_effad.dir/CheckSymbolExists.c.o：在函数‘main’中：
CheckSymbolExists.c:(.text+0x16)：对‘pthread_create’未定义的引用
collect2: error: ld returned 1 exit status
CMakeFiles/cmTC_effad.dir/build.make:86: recipe for target 'cmTC_effad' failed
make[1]: *** [cmTC_effad] Error 1
make[1]: Leaving directory '/home/zj/ros_space5/src/cmake-build-debug/CMakeFiles/CMakeTmp'
Makefile:121: recipe for target 'cmTC_effad/fast' failed
make: *** [cmTC_effad/fast] Error 2

File /home/zj/ros_space5/src/cmake-build-debug/CMakeFiles/CMakeTmp/CheckSymbolExists.c:
/* */
#include <pthread.h>

int main(int argc, char** argv)
{
  (void)argv;
#ifndef pthread_create
  return ((int*)(&pthread_create))[argc];
#else
  (void)argc;
  return 0;
#endif
}

Determining if the function pthread_create exists in the pthreads failed with the following output:
Change Dir: /home/zj/ros_space5/src/cmake-build-debug/CMakeFiles/CMakeTmp

Run Build Command:"/usr/bin/make" "cmTC_47912/fast"
/usr/bin/make -f CMakeFiles/cmTC_47912.dir/build.make CMakeFiles/cmTC_47912.dir/build
make[1]: Entering directory '/home/zj/ros_space5/src/cmake-build-debug/CMakeFiles/CMakeTmp'
Building C object CMakeFiles/cmTC_47912.dir/CheckFunctionExists.c.o
/usr/bin/cc   -DCHECK_FUNCTION_EXISTS=pthread_create   -o CMakeFiles/cmTC_47912.dir/CheckFunctionExists.c.o   -c /home/zj/software/clion/clion-2018.2.5/bin/cmake/linux/share/cmake-3.12/Modules/CheckFunctionExists.c
Linking C executable cmTC_47912
/home/zj/software/clion/clion-2018.2.5/bin/cmake/linux/bin/cmake -E cmake_link_script CMakeFiles/cmTC_47912.dir/link.txt --verbose=1
/usr/bin/cc  -DCHECK_FUNCTION_EXISTS=pthread_create    -rdynamic CMakeFiles/cmTC_47912.dir/CheckFunctionExists.c.o  -o cmTC_47912 -lpthreads 
/usr/bin/ld: 找不到 -lpthreads
collect2: error: ld returned 1 exit status
CMakeFiles/cmTC_47912.dir/build.make:86: recipe for target 'cmTC_47912' failed
make[1]: *** [cmTC_47912] Error 1
make[1]: Leaving directory '/home/zj/ros_space5/src/cmake-build-debug/CMakeFiles/CMakeTmp'
Makefile:121: recipe for target 'cmTC_47912/fast' failed
make: *** [cmTC_47912/fast] Error 2


